<?xml version="1.0" encoding="UTF-8"?>
<!-- Generated by org.testng.reporters.JUnitReportReporter -->
<testsuite hostname="DESKTOP-J9ARUUF" failures="0" tests="1" name="workingWithFileUpload" time="11.174" errors="0" timestamp="2021-04-29T11:30:17 IST" skipped="0">
  <testcase classname="workingWithFileUpload" name="setUp" time="11.174"/>
  <system-out/>
</testsuite> <!-- workingWithFileUpload -->
