<?xml version="1.0" encoding="UTF-8"?>
<!-- Generated by org.testng.reporters.JUnitReportReporter -->
<testsuite hostname="DESKTOP-J9ARUUF" failures="0" tests="3" name="com.qa.testscripts.WorkingWithFrames" time="22.316" errors="0" timestamp="2021-04-29T11:15:49 IST" skipped="0">
  <testcase classname="com.qa.testscripts.WorkingWithFrames" name="frameByIndex" time="8.668"/>
  <system-out/>
  <testcase classname="com.qa.testscripts.WorkingWithFrames" name="frameByName" time="7.206"/>
  <system-out>
Overview (Java(TM) EE 7 Specification APIs)  </system-out>
  <testcase classname="com.qa.testscripts.WorkingWithFrames" name="frameByElement" time="6.442"/>
  <system-out/>
</testsuite> <!-- com.qa.testscripts.WorkingWithFrames -->
