<?xml version="1.0" encoding="UTF-8"?>
<!-- Generated by org.testng.reporters.JUnitReportReporter -->
<testsuite hostname="DESKTOP-J9ARUUF" failures="0" tests="3" name="com.qa.testscripts.TC_AmazonSearch_05" time="20.341" errors="0" timestamp="2021-04-30T12:56:40 IST" skipped="0">
  <testcase classname="com.qa.testscripts.TC_AmazonSearch_05" name="searchItem" time="5.637"/>
  <system-out>
World’s Greatest Classics (Box Set of 4 Books) The Da Vinci Code: (Robert Langdon Book 2) The Da Vinci Code (Abridged Edition) The Da Vinci Code: Travel Journal The Da Vinci Code DA VINCI CODE THE DA VINCI CODE : A QUEST FOR ANSWERS (HINDI) The Da Vinci Code: From Dan Brown’s Fiction to Mary Magdalene’s Faith Robert Langdon Series Collection 7 Books Set By Dan Brown (Angels And Demons, The Da Vinci Code, The Lost Symbol, Inferno, Origin, Digital Fortress, Deception Point) The Complete Novels of Sherlock Holmes The Hacker Davinci Code Beyond Da Vinci Code: Pt. 3: Toward the Social Rejuvenation of Humankind, Understanding the Prevailing Capitalism as a Cult of Anti-christianity ... Capitalism as a Cult of Anti-christianity) Beyond Da Vinci Code: Pt. 2: Toward the Social Rejuvenation of Humankind, Understanding the Prevailing Capitalism as a Cult of Anti-christianity ... Capitalism as a Cult of Anti-christianity) Angels and Demons + The Da Vinci Code + The Lost Symbol(Set of 3 Books) The Da Vinci Code ‫شيفرة دافنتشي‬ (Arabic Edition) The Da Vinci Code (SparkNotes Literature Guide) (SparkNotes Literature Guide Series) The Da Vinci Code The Complete Novels of Sherlock Holmes (Deluxe Hardbound Edition) The Origin of Species Gitanjali ₹399 ₹248 ₹166
25 ₹0 ₹359 ₹228 ₹265 ₹0 ₹400 ₹350 ₹2,099 ₹136 ₹149 ₹195 ₹570 ₹768 ₹1,018
71 ₹3,340
60 ₹311
99 ₹807 ₹580 ₹159 ₹70  </system-out>
  <testcase classname="com.qa.testscripts.TC_AmazonSearch_05" name="searchItem" time="6.271"/>
  <system-out>
LowCost Furniture Sheesham Wood Solid Wood Coffee Table | Coffee Tables Wooden | Coffee Table with Drawers | Coffee Table with Storage | Finish Color - Provincial Teak LowCost Furniture Sheesham Wood Solid Wood Coffee Table | Coffee Tables Wooden | Coffee Table for Living Room | Coffee Tables Modern | Finish Color - Natural Teak LowCost Furniture Sheesham Wood Solid Wood Coffee Table | Coffee Tables Wooden | Coffee Table for Living Room | Finish Color - Natural Teak classic shoppee ABE Handicrafts Wooden Matte Handcrafted Square Antique Finish Folding Stool for Living Room (Dark Brown, 12" inch) beyond collection Mango Wooden Contemporary Antique Finish Foldable Side Coffee Table/Planter Stool for Home, Garden, Balcony, Indoor Plants (Brown) DECORVAIZ Wooden Royal Look Beautiful Folding Side | Coffee | End | Table - (12 INCH) SZHC Beautiful Antique Wooden Folding Side Table (Brown) Simran Handicrafts Wooden Foldable Adjustable Side Table/End Table/Coffee Table/Plant Stand/Outdoor Table/Stool 12Inch. (Brown) DECORVAIZ Marvelous Look Premium Wooden Folding Side Table | Coffee Table | End Table - (12 Inch) aaRF Smart Wooden Laptop 'Table ' Multipurpose' Fold able' Adjustable Table- Brown Ultimate Twist Round Beautiful Wooden Folding Stool Foldable Stool for Office, Kitchen & Home Décor Wooden Folding Table - (12INCH) LIMRA ART Wooden Brushed Modern Handicraft Folding Stool Side Table for Living Room .(Brown, 12Inch) BOIS ART Vista Contemporary Rosewood Cherry Finish End Tables (Brown, 19 x 19 x 22.2 Inches) Amazon Brand - Solimo Sienna Solid Sheesham Wood Contemporary Coffee Table (Teak Finish) INMARWAR Wooden Writing Study Table for Adults & Students | Study Desk Cum Console Table with Drawer Storage for Home & Office | Sheesham Wood, Brown & Grey Finish DECORVAIZ Wooden Royal Look Beautiful Folding Side | Coffee | End | Table - (12 INCH) Glorieux Art Beautiful Antique Wooden Foldable Side Table/End Table/Stool Living Room Kids Play Furniture Table Round Shape Simran Handicrafts Antique Modern Wooden Folding Adjustable End Table (30x30x30 cm, L x W x H, Brown) Jk Handicrafts Wooden Handicraft Folding Stool for Living Room Side Table 12 Inch (Brown) TheWooDIN® Premium Wooden Folding Side Table | Coffee Table 12INCH DECORVAIZ Sheesham Wooden Classic Modern End Coffee Table for Living Room (Brown ) Urban Store Wooden Laptop Desks and Tablet Bed/Sofa Study Table(Brown) S T H Foldable Bed Study Table Portable Multifunction Laptop Table Lap Desk for Children Foldable Table Work Office Home with Tablet Slot & Cup Holder Bed Study Table (Wooden) Fara Creations Wooden Folding End Table/Stool/Flower Pot Stand BhagyaShree Foldable Multipurpose Wooden Table for Study Laptop Table/Bed Table/Wooden Foldable Bed Table/LAPDESK/Portable Table Eating Office Table Dream Deco Beautiful Antique Wooden Folding Side Table (Brown) RINTO Foldable Wooden Laptop Bed Tray Table || Multifunction Lap Tablet Desk with Cup Holder || Perfect for Eating Breakfast || Reading Book || Wooden || SUPREME ZONE Wooden Smart Multi-Purpose Laptop Table with Cup Holder/Dock Stand/Study Table/Bed Table/Foldable and Adjustable/Portable Ergonomic Desk Tray (Laptop Stand/Lap Desk) (Wooden Brown) Generic Foldable Laptop Table with Cup Holder, Study Table, Bed Table, Breakfast Table, Foldable & Portable (Black) (Wooden) Heritage wood crafts Antique Folding End Table-8*8*8 inches(L*W*H) (Wood; Glossy, Brown) BLUEWUD Osnale Engineered Wood Coffee Table/Centre Table, Tea Table (Wenge, Rectangular) BOIS ART End Table, Side Table, Bed Side for Living Room, Bedroom… BLUEWUD Leo Engineered Wood Coffee Table/Centre Table with Shelves (Wenge) ₹17,999 ₹9,999 ₹11,000 ₹375 ₹279 ₹368 ₹399 ₹395 ₹355 ₹799 ₹309 ₹371 ₹2,999 ₹5,499 ₹5,440 ₹299 ₹349 ₹355 ₹399 ₹416 ₹499 ₹375 ₹299 ₹639 ₹399 ₹449 ₹498 ₹350 ₹450 ₹2,199 ₹2,699 ₹4,199  </system-out>
  <testcase classname="com.qa.testscripts.TC_AmazonSearch_05" name="searchItem" time="8.433"/>
  <system-out>
New Apple iPhone 12 Mini (128GB) - White OnePlus Nord 5G (Gray Onyx, 12GB RAM, 256GB Storage) Samsung Galaxy M12 (Blue,6GB RAM, 128GB Storage) 6000 mAh with 8nm Processor | True 48 MP Quad Camera | 90Hz Refresh Rate Redmi 9A (Nature Green, 2GB Ram, 32GB Storage) | 2GHz Octa-core Helio G25 Processor Redmi 9 (Sky Blue, 4GB RAM, 64GB Storage) Oppo A31 (Fantasy White, 6GB RAM, 128GB Storage) with No Cost EMI/Additional Exchange Offers Vaya Phone Stand for Mobiles Tablets & E-reader Devices | Multi-angle rotation for flexibility | Comfortable for watching movies n attending zoom calls on phone | Color- Black | Perfect Valentine Gift Panasonic Eluga i7 (2GB RAM, 16GB Storage, Finger Print Sensor, 4000mAh Battery) (Black) OnePlus Nord 5G (Blue Marble, 12GB RAM, 256GB Storage) Oppo A31 (Mystery Black, 6GB RAM, 128GB Storage) with No Cost EMI/Additional Exchange Offers Redmi Note 10 (Shadow Black, 6GB RAM, 128GB Storage) Redmi 9 Prime (Sunrise Flare, 4GB RAM, 64GB Storage)- Full HD+ Display & AI Quad Camera Vivo Y91i (Ocean Blue, 3GB RAM, 32GB Storage) with No Cost EMI/Additional Exchange Offers OPPO F19 (Prism Black, 6GB RAM, 128GB Storage) with No Cost EMI/Additional Exchange Offers I KALL K320 Smartphone Dual Sim 4G+4G (6.53 HD+, 4GB, 64GB) (Blue) Mini Phone, Dual Card Double Standby Dual Card Slot Sim Card Ultra‑Thin Cell Phone for Students for Kids for School(Black) Nokia 105 Single SIM (Black) Micromax X741 (Grey Ultra Bright LED Light, 1750mAh) Redmi 9A (Sea Blue, 2GB Ram, 32GB Storage) | 2GHz Octa-core Helio G25 Processor Samsung Galaxy M12 (Blue,6GB RAM, 128GB Storage) 6000 mAh with 8nm Processor | True 48 MP Quad Camera | 90Hz Refresh Rate Samsung Galaxy M01 Core (Black, 2GB RAM, 32GB Storage) with No Cost EMI/Additional Exchange Offers Samsung Galaxy M02s (Blue,4GB RAM, 64GB Storage) | 5000 mAh | Triple Camera Redmi 9A (Midnight Black, 2GB RAM, 32GB Storage) | 2GHz Octa-core Helio G25 Processor Samsung Galaxy M21 (Midnight Blue, 4GB RAM, 64GB Storage) Lava A5 (Gold) Samsung Galaxy M31s (Mirage Blue, 6GB RAM, 128GB Storage) Samsung Guru Music 2 (Gold) Samsung Guru 1200 (GT-E1200, White) Nokia 5310 Dual SIM Feature Phone with MP3 Player, Wireless FM Radio and Rear Camera (White/Red) Samsung Metro 313 (SM-B313E, Black) Samsung Guru Music 2 (SM-B310E, Black) Cell Phone, Sim Card Dual Card Slot Mini Phone for Kids for Students for School(Blue) I KALL K4 4G Smartphone (2GB, 16GB, 5.5" IPS Display) (Red) OPPO A74 5G (Fantastic Purple, 6GB RAM, 128GB Storage) ₹69,900 ₹29,999 ₹13,499 ₹6,799 ₹8,799 ₹11,990 ₹490 ₹5,000 ₹29,999 ₹11,990 ₹14,499 ₹9,999 ₹8,490 ₹18,990 ₹6,499 ₹12,529 ₹1,157 ₹1,445 ₹6,799 ₹13,499 ₹6,199 ₹9,999 ₹6,799 ₹12,499 ₹1,262 ₹18,499 ₹1,709 ₹1,150 ₹3,249 ₹2,120 ₹1,709 ₹6,619 ₹4,170 ₹17,990  </system-out>
</testsuite> <!-- com.qa.testscripts.TC_AmazonSearch_05 -->
