<?xml version="1.0" encoding="UTF-8"?>
<!-- Generated by org.testng.reporters.JUnitReportReporter -->
<testsuite hostname="DESKTOP-J9ARUUF" failures="0" tests="1" name="com.qa.testscripts.ScrollBy" time="13.037" errors="0" timestamp="2021-05-03T12:40:21 IST" skipped="0">
  <testcase classname="com.qa.testscripts.ScrollBy" name="amazonScroll" time="13.037"/>
  <system-out/>
</testsuite> <!-- com.qa.testscripts.ScrollBy -->
