<?xml version="1.0" encoding="UTF-8"?>
<!-- Generated by org.testng.reporters.JUnitReportReporter -->
<testsuite hostname="DESKTOP-J9ARUUF" failures="0" tests="4" name="com.qa.testscripts.TC_GoogleScript_04" time="20.921" errors="0" timestamp="2021-04-28T16:34:27 IST" skipped="0">
  <testcase classname="com.qa.testscripts.TC_GoogleScript_04" name="searchItem" time="6.497"/>
  <system-out>
automation testing
automation testing interview questions
automation testing jobs in bangalore
automation testing courses
automation testing courses bangalore
automation testing tools
automation testing tutorial
automation testing jobs
automation testing tools list
automation testing selenium   </system-out>
  <testcase classname="com.qa.testscripts.TC_GoogleScript_04" name="searchItem" time="4.568"/>
  <system-out>
functional testing
functional testing interview questions
functional testing types
functional testing and non functional testing
functional testing vs performance testing
functional testing tools
functional testing examples
functional testing in software testing
functional testing is a verification activity
functional testing falls under which box        </system-out>
  <testcase classname="com.qa.testscripts.TC_GoogleScript_04" name="searchItem" time="4.954"/>
  <system-out>
performance testing
performance testing tools
performance testing interview questions
performance testing api
performance testing rest api
performance testing guru99
performance testing jobs in bangalore
performance testing jobs
performance testing tools for api
performance testing vs load testing  </system-out>
  <testcase classname="com.qa.testscripts.TC_GoogleScript_04" name="searchItem" time="4.902"/>
  <system-out>
api testing
api testing automation
api testing interview questions
api testing automation tools
api testing tools
api testing automation framework
api testing using postman
api testing is manual or automation
api testing postman
api testing framework  </system-out>
</testsuite> <!-- com.qa.testscripts.TC_GoogleScript_04 -->
