<?xml version="1.0" encoding="UTF-8"?>
<!-- Generated by org.testng.reporters.JUnitReportReporter -->
<testsuite hostname="DESKTOP-J9ARUUF" failures="0" tests="1" name="com.qa.testscripts.workingWithMultipleWindows" time="11.726" errors="0" timestamp="2021-04-29T12:05:06 IST" skipped="0">
  <testcase classname="com.qa.testscripts.workingWithMultipleWindows" name="multipleWindows" time="11.726"/>
  <system-out>
Rediffmail Free Unlimited Storage Welcome to rediff.com Rediffmail: Terms and Conditions  </system-out>
</testsuite> <!-- com.qa.testscripts.workingWithMultipleWindows -->
