<?xml version="1.0" encoding="UTF-8"?>
<!-- Generated by org.testng.reporters.JUnitReportReporter -->
<testsuite hostname="DESKTOP-J9ARUUF" failures="0" tests="2" name="com.qa.testscripts.TC_RediffCreateAccount_02" time="1.921" errors="0" timestamp="2021-04-30T13:16:57 IST" skipped="0">
  <testcase classname="com.qa.testscripts.TC_RediffCreateAccount_02" name="CreateAccount" time="1.608"/>
  <system-out/>
  <testcase classname="com.qa.testscripts.TC_RediffCreateAccount_02" name="checkNoOfElements" time="0.313"/>
  <system-out>
text text button password password text checkbox password text button text hidden text radio radio text text hidden hidden hidden hidden hidden submit  </system-out>
</testsuite> <!-- com.qa.testscripts.TC_RediffCreateAccount_02 -->
