<?xml version="1.0" encoding="UTF-8"?>
<!-- Generated by org.testng.reporters.JUnitReportReporter -->
<testsuite hostname="DESKTOP-J9ARUUF" failures="0" tests="1" name="com.qa.testscripts.TC_RediffLoginAccount_03" time="10.014" errors="0" timestamp="2021-04-30T13:15:29 IST" skipped="0">
  <testcase classname="com.qa.testscripts.TC_RediffLoginAccount_03" name="login" time="10.014"/>
  <system-out>
The check box is selected  </system-out>
</testsuite> <!-- com.qa.testscripts.TC_RediffLoginAccount_03 -->
