<?xml version="1.0" encoding="UTF-8"?>
<!-- Generated by org.testng.reporters.JUnitReportReporter -->
<testsuite hostname="DESKTOP-J9ARUUF" failures="0" tests="1" name="com.qa.testscripts.WorkingWithScreenshots" time="25.728" errors="0" timestamp="2021-05-03T11:08:55 IST" skipped="0">
  <testcase classname="com.qa.testscripts.WorkingWithScreenshots" name="FullpageScreenShot" time="25.728"/>
  <system-out/>
</testsuite> <!-- com.qa.testscripts.WorkingWithScreenshots -->
