<?xml version="1.0" encoding="UTF-8"?>
<!-- Generated by org.testng.reporters.JUnitReportReporter -->
<testsuite hostname="DESKTOP-J9ARUUF" failures="0" tests="1" name="com.qa.testscripts.TC_NetFlix" time="9.465" errors="0" timestamp="2021-04-30T14:23:45 IST" skipped="0">
  <testcase classname="com.qa.testscripts.TC_NetFlix" name="createAccount" time="9.465"/>
  <system-out/>
</testsuite> <!-- com.qa.testscripts.TC_NetFlix -->
